<?xml version="1.0" encoding="UTF-8"?>
<!-- Generated by org.testng.reporters.JUnitXMLReporter -->
<testsuite hostname="DESKTOP-268BFCT" ignored="2" name="Test" tests="2" failures="0" timestamp="06 Jul 2023 05:52:34 GMT" time="0.067" errors="0">
  <testcase name="tc01" time="0.02" classname="org.exl.Testng3"/>
  <testcase name="tc02" time="0.001" classname="org.exl.Testng3"/>
  <testcase name="tc04" time="0.0" classname="org.exl.Testng3">
    <ignored/>
  </testcase> <!-- tc04 -->
  <testcase name="tc03" time="0.0" classname="org.exl.Testng3">
    <ignored/>
  </testcase> <!-- tc03 -->
</testsuite> <!-- Test -->
