<?xml version="1.0" encoding="UTF-8"?>
<testng-results skipped="0" failed="0" ignored="2" total="4" passed="2">
  <reporter-output>
  </reporter-output>
  <suite name="Suite" duration-ms="67" started-at="2023-07-06T05:52:34Z" finished-at="2023-07-06T05:52:34Z">
    <groups>
      <group name="smoke">
        <method signature="Testng3.tc01()[pri:0, instance:org.exl.Testng3@6d4b1c02]" name="tc01" class="org.exl.Testng3"/>
        <method signature="Testng3.tc02()[pri:0, instance:org.exl.Testng3@6d4b1c02]" name="tc02" class="org.exl.Testng3"/>
      </group> <!-- smoke -->
    </groups>
    <test name="Test" duration-ms="67" started-at="2023-07-06T05:52:34Z" finished-at="2023-07-06T05:52:34Z">
      <class name="org.exl.Testng3">
        <test-method status="PASS" signature="tc01()[pri:0, instance:org.exl.Testng3@6d4b1c02]" name="tc01" duration-ms="20" started-at="2023-07-06T05:52:34Z" finished-at="2023-07-06T05:52:34Z">
          <reporter-output>
          </reporter-output>
        </test-method> <!-- tc01 -->
        <test-method status="PASS" signature="tc02()[pri:0, instance:org.exl.Testng3@6d4b1c02]" name="tc02" duration-ms="1" started-at="2023-07-06T05:52:34Z" finished-at="2023-07-06T05:52:34Z">
          <reporter-output>
          </reporter-output>
        </test-method> <!-- tc02 -->
      </class> <!-- org.exl.Testng3 -->
    </test> <!-- Test -->
  </suite> <!-- Suite -->
</testng-results>
